[00:03:23] 模块: week12-14 | 批次数: 5 | 输出: /home/thesumst/development/cg/notebooklm-raw/week12-14/runs/20260626-000323
[00:03:23] 代理环境: HTTP(S)_PROXY/http(s)_proxy=http://127.0.0.1:7897
[00:03:23] 同步认证…
[00:03:26] 认证 OK
[00:03:26] 选定 Notebook: c46f03a0-be2e-4cbb-8172-24a3ee0fce88
[00:03:30] --- batch 1/5: [L0] overview-skeleton ---
[00:03:30] 清空会话上下文 (notebooklm clear)
[00:03:30] 提问 (517 字, nlm_timeout=120s)…
[00:04:25] 完成 overview-skeleton (55.5s)
[00:04:25] 等待 10.0s…
[00:04:35] --- batch 2/5: [L1] notes-skeleton-week12-14 ---
[00:04:35] 清空会话上下文 (notebooklm clear)
[00:04:35] 提问 (331 字, nlm_timeout=120s)…
[00:05:26] 完成 notes-skeleton-week12-14 (50.9s)
[00:05:26] 等待 10.0s…
[00:05:35] --- batch 3/5: [L1] slide-skeleton-lecture11-part1 ---
[00:05:35] 清空会话上下文 (notebooklm clear)
[00:05:35] 提问 (280 字, nlm_timeout=120s)…
[00:06:16] 完成 slide-skeleton-lecture11-part1 (41.2s)
[00:06:16] 等待 10.0s…
[00:06:26] --- batch 4/5: [L1] slide-skeleton-lecture11-part2-path-tracing ---
[00:06:26] 清空会话上下文 (notebooklm clear)
[00:06:26] 提问 (263 字, nlm_timeout=120s)…
[00:07:05] 完成 slide-skeleton-lecture11-part2-path-tracing (38.9s)
[00:07:05] 等待 10.0s…
[00:07:15] --- batch 5/5: [L1] source-skeleton-rendering-equation ---
[00:07:15] 清空会话上下文 (notebooklm clear)
[00:07:15] 提问 (316 字, nlm_timeout=120s)…
[00:08:02] 完成 source-skeleton-rendering-equation (46.6s)
[00:08:02] 采集结束: status=completed | ok=5 skipped=0 failed=0/5 | 重试 0 次 | 耗时 278.69s
