[00:17:14] 模块: week12-14 | 批次数: 6 | 输出: /home/thesumst/development/cg/notebooklm-raw/week12-14/runs/20260626-001714
[00:17:14] 代理环境: HTTP(S)_PROXY/http(s)_proxy=http://127.0.0.1:7897
[00:17:14] 同步认证…
[00:17:16] 认证 OK
[00:17:16] 选定 Notebook: c46f03a0-be2e-4cbb-8172-24a3ee0fce88
[00:17:20] --- batch 1/6: [L4-L5] visual-explain-ray-tracing-pipeline ---
[00:17:20] 清空会话上下文 (notebooklm clear)
[00:17:20] 提问 (322 字, nlm_timeout=120s)…
[00:18:00] 完成 visual-explain-ray-tracing-pipeline (40.0s)
[00:18:00] 等待 10.0s…
[00:18:10] --- batch 2/6: [L4] deep-dive-bvh-aabb-example ---
[00:18:10] 清空会话上下文 (notebooklm clear)
[00:18:10] 提问 (262 字, nlm_timeout=120s)…
[00:18:51] 完成 deep-dive-bvh-aabb-example (41.3s)
[00:18:51] 等待 10.0s…
[00:19:00] --- batch 3/6: [L4] deep-dive-rendering-equation-terms ---
[00:19:00] 清空会话上下文 (notebooklm clear)
[00:19:00] 提问 (287 字, nlm_timeout=120s)…
[00:19:43] 完成 deep-dive-rendering-equation-terms (43.0s)
[00:19:43] 等待 10.0s…
[00:19:53] --- batch 4/6: [L4] examples-monte-carlo-path-tracing-noise ---
[00:19:53] 清空会话上下文 (notebooklm clear)
[00:19:53] 提问 (289 字, nlm_timeout=120s)…
[00:20:40] 完成 examples-monte-carlo-path-tracing-noise (46.4s)
[00:20:40] 等待 10.0s…
[00:20:50] --- batch 5/6: [L4] compare-rr-importance-nee ---
[00:20:50] 清空会话上下文 (notebooklm clear)
[00:20:50] 提问 (324 字, nlm_timeout=120s)…
[00:21:40] 完成 compare-rr-importance-nee (50.2s)
[00:21:40] 等待 10.0s…
[00:21:50] --- batch 6/6: [L4-L5] visual-explain-realtime-denoising ---
[00:21:50] 清空会话上下文 (notebooklm clear)
[00:21:50] 提问 (350 字, nlm_timeout=120s)…
[00:22:33] 完成 visual-explain-realtime-denoising (42.9s)
[00:22:33] 采集结束: status=completed | ok=6 skipped=0 failed=0/6 | 重试 0 次 | 耗时 318.75s
