[23:27:14] 模块: week5-6 | 批次数: 6 | 输出: /home/thesumst/development/cg/notebooklm-raw/week5-6/runs/20260625-232714
[23:27:14] 代理环境: HTTP(S)_PROXY/http(s)_proxy=http://127.0.0.1:7897
[23:27:14] 同步认证…
[23:27:16] 认证 OK
[23:27:16] 选定 Notebook: c46f03a0-be2e-4cbb-8172-24a3ee0fce88
[23:27:22] --- batch 1/6: [L2-L3] concept-breakdown-pipeline-after-projection ---
[23:27:22] 清空会话上下文 (notebooklm clear)
[23:27:23] 提问 (453 字, nlm_timeout=120s)…
[23:28:12] 完成 concept-breakdown-pipeline-after-projection (49.1s)
[23:28:12] 等待 8.0s…
[23:28:20] --- batch 2/6: [L2-L3] concept-breakdown-clipping-viewport ---
[23:28:20] 清空会话上下文 (notebooklm clear)
[23:28:20] 提问 (397 字, nlm_timeout=120s)…
[23:29:05] 完成 concept-breakdown-clipping-viewport (45.3s)
[23:29:05] 等待 8.0s…
[23:29:13] --- batch 3/6: [L2-L3] concept-breakdown-scan-conversion-rasterization ---
[23:29:13] 清空会话上下文 (notebooklm clear)
[23:29:13] 提问 (447 字, nlm_timeout=120s)…
[23:29:55] 完成 concept-breakdown-scan-conversion-rasterization (41.7s)
[23:29:55] 等待 8.0s…
[23:30:03] --- batch 4/6: [L2] concept-breakdown-programmable-pipeline ---
[23:30:03] 清空会话上下文 (notebooklm clear)
[23:30:03] 提问 (461 字, nlm_timeout=120s)…
[23:30:47] 完成 concept-breakdown-programmable-pipeline (44.1s)
[23:30:47] 等待 8.0s…
[23:30:55] --- batch 5/6: [L2-L3] concept-breakdown-hidden-surface-overview ---
[23:30:55] 清空会话上下文 (notebooklm clear)
[23:30:55] 提问 (460 字, nlm_timeout=120s)…
[23:31:42] 完成 concept-breakdown-hidden-surface-overview (46.7s)
[23:31:42] 等待 8.0s…
[23:31:50] --- batch 6/6: [L2-L3] concept-breakdown-depth-buffer-algorithms ---
[23:31:50] 清空会话上下文 (notebooklm clear)
[23:31:50] 提问 (430 字, nlm_timeout=120s)…
[23:32:34] 完成 concept-breakdown-depth-buffer-algorithms (43.4s)
[23:32:34] 采集结束: status=completed | ok=6 skipped=0 failed=0/6 | 重试 0 次 | 耗时 319.65s
