[22:38:28] 模块: week3-4 | 批次数: 3 | 输出: /home/thesumst/development/cg/notebooklm-raw/week3-4/runs/20260625-223828
[22:38:28] 代理环境: HTTP(S)_PROXY/http(s)_proxy=http://127.0.0.1:7897
[22:38:28] 同步认证…
[22:38:30] 认证 OK
[22:38:30] 选定 Notebook: c46f03a0-be2e-4cbb-8172-24a3ee0fce88
[22:38:33] --- batch 1/3: [L0] overview-skeleton ---
[22:38:33] 清空会话上下文 (notebooklm clear)
[22:38:34] 提问 (355 字, nlm_timeout=120s)…
[22:39:23] 完成 overview-skeleton (49.4s)
[22:39:23] 等待 8.0s…
[22:39:30] --- batch 2/3: [L1] slide-skeleton-lecture03 ---
[22:39:30] 清空会话上下文 (notebooklm clear)
[22:39:30] 提问 (253 字, nlm_timeout=120s)…
[22:40:11] 完成 slide-skeleton-lecture03 (40.7s)
[22:40:11] 等待 8.0s…
[22:40:19] --- batch 3/3: [L1] slide-skeleton-lecture04 ---
[22:40:19] 清空会话上下文 (notebooklm clear)
[22:40:19] 提问 (315 字, nlm_timeout=120s)…
[22:41:01] 完成 slide-skeleton-lecture04 (42.1s)
[22:41:01] 采集结束: status=completed | ok=3 skipped=0 failed=0/3 | 重试 0 次 | 耗时 153.03s
