[23:44:59] 模块: week7-9 | 批次数: 6 | 输出: /home/thesumst/development/cg/notebooklm-raw/week7-9/runs/20260625-234459
[23:44:59] 代理环境: HTTP(S)_PROXY/http(s)_proxy=http://127.0.0.1:7897
[23:44:59] 同步认证…
[23:45:01] 认证 OK
[23:45:01] 选定 Notebook: c46f03a0-be2e-4cbb-8172-24a3ee0fce88
[23:45:05] --- batch 1/6: [L2-L3] concept-breakdown-local-shading-phong ---
[23:45:05] 清空会话上下文 (notebooklm clear)
[23:45:05] 提问 (419 字, nlm_timeout=120s)…
[23:45:51] 完成 concept-breakdown-local-shading-phong (46.8s)
[23:45:51] 等待 8.0s…
[23:45:59] --- batch 2/6: [L2-L3] concept-breakdown-microfacet-brdf ---
[23:45:59] 清空会话上下文 (notebooklm clear)
[23:46:00] 提问 (358 字, nlm_timeout=120s)…
[23:46:43] 完成 concept-breakdown-microfacet-brdf (43.5s)
[23:46:43] 等待 8.0s…
[23:46:51] --- batch 3/6: [L2-L3] concept-breakdown-shading-interpolation ---
[23:46:51] 清空会话上下文 (notebooklm clear)
[23:46:51] 提问 (338 字, nlm_timeout=120s)…
[23:47:36] 完成 concept-breakdown-shading-interpolation (44.6s)
[23:47:36] 等待 8.0s…
[23:47:44] --- batch 4/6: [L2-L3] concept-breakdown-shader-data-flow ---
[23:47:44] 清空会话上下文 (notebooklm clear)
[23:47:44] 提问 (435 字, nlm_timeout=120s)…
[23:48:30] 完成 concept-breakdown-shader-data-flow (46.1s)
[23:48:30] 等待 8.0s…
[23:48:38] --- batch 5/6: [L2-L3] concept-breakdown-texture-mapping-basics ---
[23:48:38] 清空会话上下文 (notebooklm clear)
[23:48:38] 提问 (396 字, nlm_timeout=120s)…
[23:49:16] 完成 concept-breakdown-texture-mapping-basics (37.3s)
[23:49:16] 等待 8.0s…
[23:49:22] --- batch 6/6: [L2-L3] concept-breakdown-texture-filtering-applications ---
[23:49:22] 清空会话上下文 (notebooklm clear)
[23:49:23] 提问 (471 字, nlm_timeout=120s)…
[23:49:29] 尝试 1 失败 [unknown]: Connection failed calling GET_NOTEBOOK: 
[23:49:29] 重试 1/3，等待 15s…
[23:49:44] 提问 (471 字, nlm_timeout=120s)…
[23:50:31] 完成 concept-breakdown-texture-filtering-applications (68.8s, 重试 1 次)
[23:50:31] 采集结束: status=completed | ok=6 skipped=0 failed=0/6 | 重试 1 次 | 耗时 332.29s
