[00:10:17] 模块: week10-11 | 批次数: 4 | 输出: /home/thesumst/development/cg/notebooklm-raw/week10-11/runs/20260626-001017
[00:10:17] 代理环境: HTTP(S)_PROXY/http(s)_proxy=http://127.0.0.1:7897
[00:10:17] 同步认证…
[00:10:18] 认证 OK
[00:10:18] 选定 Notebook: c46f03a0-be2e-4cbb-8172-24a3ee0fce88
[00:10:21] --- batch 1/4: [L2-L3] concept-breakdown-model-loading-standards ---
[00:10:21] 清空会话上下文 (notebooklm clear)
[00:10:21] 提问 (344 字, nlm_timeout=120s)…
[00:11:10] 完成 concept-breakdown-model-loading-standards (48.3s)
[00:11:10] 等待 10.0s…
[00:11:18] --- batch 2/4: [L2-L3] concept-breakdown-geometry-representations ---
[00:11:18] 清空会话上下文 (notebooklm clear)
[00:11:19] 提问 (348 字, nlm_timeout=120s)…
[00:12:11] 完成 concept-breakdown-geometry-representations (52.7s)
[00:12:11] 等待 10.0s…
[00:12:20] --- batch 3/4: [L2-L3] concept-breakdown-gltf-pbr-bridge ---
[00:12:20] 清空会话上下文 (notebooklm clear)
[00:12:20] 提问 (355 字, nlm_timeout=120s)…
[00:13:02] 完成 concept-breakdown-gltf-pbr-bridge (42.2s)
[00:13:02] 等待 10.0s…
[00:13:12] --- batch 4/4: [L2] gap-audit-curves-mesh-processing ---
[00:13:12] 清空会话上下文 (notebooklm clear)
[00:13:12] 提问 (333 字, nlm_timeout=120s)…
[00:14:01] 完成 gap-audit-curves-mesh-processing (49.0s)
[00:14:01] 采集结束: status=completed | ok=4 skipped=0 failed=0/4 | 重试 0 次 | 耗时 224.81s
