[23:33:27] 模块: week5-6 | 批次数: 4 | 输出: /home/thesumst/development/cg/notebooklm-raw/week5-6/runs/20260625-233327
[23:33:27] 代理环境: HTTP(S)_PROXY/http(s)_proxy=http://127.0.0.1:7897
[23:33:27] 同步认证…
[23:33:28] 认证 OK
[23:33:28] 选定 Notebook: c46f03a0-be2e-4cbb-8172-24a3ee0fce88
[23:33:32] --- batch 1/4: [L4-L5] visual-explain-post-projection-pipeline ---
[23:33:32] 清空会话上下文 (notebooklm clear)
[23:33:32] 提问 (500 字, nlm_timeout=120s)…
[23:34:15] 完成 visual-explain-post-projection-pipeline (43.0s)
[23:34:15] 等待 8.0s…
[23:34:23] --- batch 2/4: [L4] examples-rasterization-scanline-interpolation ---
[23:34:23] 清空会话上下文 (notebooklm clear)
[23:34:24] 提问 (436 字, nlm_timeout=120s)…
[23:35:18] 完成 examples-rasterization-scanline-interpolation (54.9s)
[23:35:18] 等待 8.0s…
[23:35:26] --- batch 3/4: [L3-L4] deep-dive-zbuffer-depth-test ---
[23:35:26] 清空会话上下文 (notebooklm clear)
[23:35:27] 提问 (375 字, nlm_timeout=120s)…
[23:36:18] 完成 deep-dive-zbuffer-depth-test (51.7s)
[23:36:18] 等待 8.0s…
[23:36:25] --- batch 4/4: [L4] compare-hidden-surface-algorithms ---
[23:36:25] 清空会话上下文 (notebooklm clear)
[23:36:25] 提问 (395 字, nlm_timeout=120s)…
[23:37:16] 完成 compare-hidden-surface-algorithms (50.7s)
[23:37:16] 采集结束: status=completed | ok=4 skipped=0 failed=0/4 | 重试 0 次 | 耗时 228.9s
