[01:35:40] 模块: week15-16 | 批次数: 3 | 输出: /home/thesumst/development/cg/notebooklm-raw/week15-16/runs/20260626-013540
[01:35:40] 代理环境: HTTP(S)_PROXY/http(s)_proxy=http://127.0.0.1:7897
[01:35:40] 同步认证…
[01:35:42] 认证 OK
[01:35:42] 选定 Notebook: c46f03a0-be2e-4cbb-8172-24a3ee0fce88
[01:35:43] --- batch 1/3: [L0] overview-skeleton ---
[01:35:43] 清空会话上下文 (notebooklm clear)
[01:35:44] 提问 (327 字, nlm_timeout=120s)…
[01:36:32] 完成 overview-skeleton (48.0s)
[01:36:32] 等待 8.0s…
[01:36:40] --- batch 2/3: [L1] notes-skeleton-week15 ---
[01:36:40] 清空会话上下文 (notebooklm clear)
[01:36:40] 提问 (284 字, nlm_timeout=120s)…
[01:36:44] 尝试 1 失败 [unknown]: Connection failed calling GET_NOTEBOOK: 
[01:36:44] 重试 1/3，等待 15s…
[01:36:59] 提问 (284 字, nlm_timeout=120s)…
[01:37:48] 完成 notes-skeleton-week15 (68.3s, 重试 1 次)
[01:37:48] 等待 8.0s…
[01:37:56] --- batch 3/3: [L1] source-boundary-week16-project-rubric ---
[01:37:56] 清空会话上下文 (notebooklm clear)
[01:37:56] 提问 (259 字, nlm_timeout=120s)…
[01:38:45] 完成 source-boundary-week16-project-rubric (48.9s)
[01:38:45] 采集结束: status=completed | ok=3 skipped=0 failed=0/3 | 重试 1 次 | 耗时 184.56s
