[22:42:04] 模块: week3-4 | 批次数: 6 | 输出: /home/thesumst/development/cg/notebooklm-raw/week3-4/runs/20260625-224204
[22:42:04] 代理环境: HTTP(S)_PROXY/http(s)_proxy=http://127.0.0.1:7897
[22:42:04] 同步认证…
[22:42:05] 认证 OK
[22:42:05] 选定 Notebook: c46f03a0-be2e-4cbb-8172-24a3ee0fce88
[22:42:09] --- batch 1/6: [L2-L3] concept-breakdown-geometric-transforms ---
[22:42:09] 清空会话上下文 (notebooklm clear)
[22:42:09] 提问 (294 字, nlm_timeout=120s)…
[22:42:51] 完成 concept-breakdown-geometric-transforms (42.3s)
[22:42:51] 等待 8.0s…
[22:42:59] --- batch 2/6: [L2-L3] concept-breakdown-composition-hierarchy ---
[22:42:59] 清空会话上下文 (notebooklm clear)
[22:43:00] 提问 (303 字, nlm_timeout=120s)…
[22:43:48] 完成 concept-breakdown-composition-hierarchy (48.8s)
[22:43:48] 等待 8.0s…
[22:43:56] --- batch 3/6: [L2-L3] concept-breakdown-camera-view ---
[22:43:56] 清空会话上下文 (notebooklm clear)
[22:43:57] 提问 (346 字, nlm_timeout=120s)…
[22:44:40] 完成 concept-breakdown-camera-view (43.8s)
[22:44:40] 等待 8.0s…
[22:44:48] --- batch 4/6: [L2-L3] concept-breakdown-projection ---
[22:44:48] 清空会话上下文 (notebooklm clear)
[22:44:48] 提问 (305 字, nlm_timeout=120s)…
[22:45:26] 完成 concept-breakdown-projection (37.5s)
[22:45:26] 等待 8.0s…
[22:45:34] --- batch 5/6: [L2-L3] concept-breakdown-clip-ndc-viewport ---
[22:45:34] 清空会话上下文 (notebooklm clear)
[22:45:34] 提问 (392 字, nlm_timeout=120s)…
[22:46:36] 尝试 1 失败 [unknown]: [SSL: RECORD_LAYER_FAILURE] record layer failure (_ssl.c:2713)
[22:46:36] 重试 1/3，等待 15s…
[22:46:50] 提问 (392 字, nlm_timeout=120s)…
[22:47:52] 尝试 2 失败 [unknown]: Chat request failed: Server disconnected without sending a response.
[22:47:52] 重试 2/3，等待 30s…
[22:48:20] 提问 (392 字, nlm_timeout=120s)…
[22:50:46] 模块: week3-4 | 批次数: 6 | 输出: /home/thesumst/development/cg/notebooklm-raw/week3-4/runs/20260625-224204
[22:50:46] 代理环境: HTTP(S)_PROXY/http(s)_proxy=http://127.0.0.1:7897
[22:50:46] 同步认证…
[22:50:48] 认证 OK
[22:50:48] 选定 Notebook: c46f03a0-be2e-4cbb-8172-24a3ee0fce88
[22:50:52] --- batch 5/6: [L2-L3] concept-breakdown-clip-ndc-viewport ---
[22:50:52] 清空会话上下文 (notebooklm clear)
[22:50:53] 提问 (392 字, nlm_timeout=120s)…
[22:51:55] 尝试 1 失败 [unknown]: [SSL: RECORD_LAYER_FAILURE] record layer failure (_ssl.c:2713)
[22:51:55] 重试 1/3，等待 15s…
[22:52:08] 提问 (392 字, nlm_timeout=120s)…
[22:53:10] 尝试 2 失败 [unknown]: [SSL: RECORD_LAYER_FAILURE] record layer failure (_ssl.c:2713)
[22:53:10] 重试 2/3，等待 30s…
[22:53:39] 提问 (392 字, nlm_timeout=120s)…
[22:54:07] 尝试 3 失败 [unknown]: Chat request failed: peer closed connection without sending complete message body (incomplete chunked read)
[22:54:07] 重试 3/3，等待 60s…
[22:55:05] 提问 (392 字, nlm_timeout=120s)…
[22:55:06] 尝试 4 失败 [unknown]: 
[22:55:06] 失败 concept-breakdown-clip-ndc-viewport (253.5s) [unknown]: 
[22:55:06] --- batch 6/6: [L2] slide-module-detail-lecture04-part2 ---
[22:55:06] 清空会话上下文 (notebooklm clear)
[22:55:06] 提问 (271 字, nlm_timeout=120s)…
[22:55:10] 尝试 1 失败 [unknown]: Connection failed calling GET_NOTEBOOK: 
[22:55:10] 重试 1/3，等待 15s…
[22:55:25] 提问 (271 字, nlm_timeout=120s)…
[22:56:27] 尝试 2 失败 [unknown]: Chat request failed: Server disconnected without sending a response.
[22:56:27] 重试 2/3，等待 30s…
[22:56:56] 提问 (271 字, nlm_timeout=120s)…
[22:57:57] 尝试 3 失败 [unknown]: Chat request failed: Server disconnected without sending a response.
[22:57:57] 重试 3/3，等待 60s…
[22:58:54] 提问 (271 字, nlm_timeout=120s)…
[22:58:59] 尝试 4 失败 [unknown]: 
[22:58:59] 失败 slide-module-detail-lecture04-part2 (232.4s) [unknown]: 
[22:58:59] 采集结束: status=partial | ok=4 skipped=0 failed=2/6 | 重试 0 次 | 耗时 492.56s | 待重跑: concept-breakdown-clip-ndc-viewport, slide-module-detail-lecture04-part2
[23:02:49] 模块: week3-4 | 批次数: 2 | 输出: /home/thesumst/development/cg/notebooklm-raw/week3-4/runs/20260625-224204
[23:02:49] 代理环境: HTTP(S)_PROXY/http(s)_proxy=http://127.0.0.1:7897
[23:02:49] 同步认证…
[23:02:55] 认证 OK
[23:02:55] 选定 Notebook: c46f03a0-be2e-4cbb-8172-24a3ee0fce88
[23:02:56] --- batch 1/2: [L2-L3] concept-breakdown-clip-ndc-viewport ---
[23:02:56] 清空会话上下文 (notebooklm clear)
[23:02:56] 提问 (392 字, nlm_timeout=120s)…
[23:02:57] 尝试 1 失败 [unknown]: 
[23:02:57] 重试 1/3，等待 15s…
[23:03:11] 提问 (392 字, nlm_timeout=120s)…
[23:03:11] 尝试 2 失败 [unknown]: 
[23:03:11] 重试 2/3，等待 30s…
[23:03:40] 提问 (392 字, nlm_timeout=120s)…
[23:04:24] 完成 concept-breakdown-clip-ndc-viewport (87.6s, 重试 2 次)
[23:04:24] 等待 8.0s…
[23:04:31] --- batch 2/2: [L2] slide-module-detail-lecture04-part2 ---
[23:04:31] 清空会话上下文 (notebooklm clear)
[23:04:31] 提问 (271 字, nlm_timeout=120s)…
[23:05:19] 完成 slide-module-detail-lecture04-part2 (48.0s)
[23:05:19] 采集结束: status=completed | ok=6 skipped=0 failed=0/6 | 重试 2 次 | 耗时 149.94s
