[21:31:38] 模块: week1-2 | 批次数: 12 | 输出: /home/thesumst/development/cg/notebooklm-raw/week1-2/runs/20260625-213138
[21:31:38] 同步认证…
[21:31:41] 认证 OK
[21:31:41] 选定 Notebook: c46f03a0-be2e-4cbb-8172-24a3ee0fce88
[21:31:49] --- batch 1/12: [L0] overview-skeleton ---
[21:31:49] 清空会话上下文 (notebooklm clear)
[21:31:49] 提问 (273 字, nlm_timeout=120s)…
[21:32:19] 尝试 1 失败 [unknown]: 
[21:32:19] 重试 1/3，等待 15s…
[21:32:33] 提问 (273 字, nlm_timeout=120s)…
[21:33:02] 尝试 2 失败 [unknown]: 
[21:33:02] 重试 2/3，等待 30s…
[21:33:31] 提问 (273 字, nlm_timeout=120s)…
[21:34:01] 尝试 3 失败 [unknown]: 
[21:34:01] 重试 3/3，等待 60s…
[21:34:59] 提问 (273 字, nlm_timeout=120s)…
[21:35:28] 尝试 4 失败 [unknown]: 
[21:35:28] 失败 overview-skeleton (218.5s) [unknown]: 
[21:35:28] --- batch 2/12: [L2] concept-breakdown-graphics-overview ---
[21:35:28] 清空会话上下文 (notebooklm clear)
[21:35:28] 提问 (229 字, nlm_timeout=120s)…
[21:35:57] 尝试 1 失败 [unknown]: 
[21:35:57] 重试 1/3，等待 15s…
[21:36:11] 提问 (229 字, nlm_timeout=120s)…
[21:36:40] 尝试 2 失败 [unknown]: 
[21:36:40] 重试 2/3，等待 30s…
[21:37:09] 提问 (229 字, nlm_timeout=120s)…
[21:37:39] 尝试 3 失败 [unknown]: 
[21:37:39] 重试 3/3，等待 60s…
[21:38:37] 提问 (229 字, nlm_timeout=120s)…
[21:39:06] 尝试 4 失败 [unknown]: 
[21:39:06] 失败 concept-breakdown-graphics-overview (218.0s) [unknown]: 
[21:39:06] --- batch 3/12: [L2] concept-breakdown-rendering-pipeline ---
[21:39:06] 清空会话上下文 (notebooklm clear)
[21:39:06] 提问 (237 字, nlm_timeout=120s)…
[21:39:35] 尝试 1 失败 [unknown]: 
[21:39:35] 重试 1/3，等待 15s…
[21:39:49] 提问 (237 字, nlm_timeout=120s)…
[21:40:18] 尝试 2 失败 [unknown]: 
[21:40:18] 重试 2/3，等待 30s…
[21:40:48] 提问 (237 字, nlm_timeout=120s)…
[21:41:17] 尝试 3 失败 [unknown]: 
[21:41:17] 重试 3/3，等待 60s…
[21:42:15] 提问 (237 字, nlm_timeout=120s)…
[21:42:44] 尝试 4 失败 [unknown]: 
[21:42:44] 失败 concept-breakdown-rendering-pipeline (217.9s) [unknown]: 
[21:42:44] --- batch 4/12: [L2] concept-breakdown-math-foundations ---
[21:42:44] 清空会话上下文 (notebooklm clear)
[21:42:44] 提问 (243 字, nlm_timeout=120s)…
[21:43:13] 尝试 1 失败 [unknown]: 
[21:43:13] 重试 1/3，等待 15s…
[21:43:27] 提问 (243 字, nlm_timeout=120s)…
[21:43:57] 尝试 2 失败 [unknown]: 
[21:43:57] 重试 2/3，等待 30s…
[21:44:26] 提问 (243 字, nlm_timeout=120s)…
[21:53:11] 模块: week1-2 | 批次数: 12 | 输出: /home/thesumst/development/cg/notebooklm-raw/week1-2/runs/20260625-213138
[21:53:11] 代理环境: HTTP(S)_PROXY/http(s)_proxy=http://127.0.0.1:7897
[21:53:11] 同步认证…
[21:53:13] 认证 OK
[21:53:13] 选定 Notebook: c46f03a0-be2e-4cbb-8172-24a3ee0fce88
[21:53:17] --- batch 1/12: [L0] overview-skeleton ---
[21:53:17] 清空会话上下文 (notebooklm clear)
[21:53:17] 提问 (273 字, nlm_timeout=120s)…
[21:54:04] 完成 overview-skeleton (47.3s)
[21:54:04] 等待 8.0s…
[21:54:12] --- batch 2/12: [L2] concept-breakdown-graphics-overview ---
[21:54:12] 清空会话上下文 (notebooklm clear)
[21:54:12] 提问 (229 字, nlm_timeout=120s)…
[21:54:58] 完成 concept-breakdown-graphics-overview (45.3s)
[21:54:58] 等待 8.0s…
[21:55:04] --- batch 3/12: [L2] concept-breakdown-rendering-pipeline ---
[21:55:04] 清空会话上下文 (notebooklm clear)
[21:55:05] 提问 (237 字, nlm_timeout=120s)…
[21:55:54] 完成 concept-breakdown-rendering-pipeline (49.2s)
[21:55:54] 等待 8.0s…
[21:56:02] --- batch 4/12: [L2] concept-breakdown-math-foundations ---
[21:56:02] 清空会话上下文 (notebooklm clear)
[21:56:02] 提问 (243 字, nlm_timeout=120s)…
[21:57:04] 完成 concept-breakdown-math-foundations (61.6s)
[21:57:04] 等待 8.0s…
[21:57:11] --- batch 5/12: [L3] deep-dive-pipeline-dataflow ---
[21:57:11] 清空会话上下文 (notebooklm clear)
[21:57:11] 提问 (231 字, nlm_timeout=120s)…
[21:58:03] 完成 deep-dive-pipeline-dataflow (51.9s)
[21:58:03] 等待 8.0s…
[21:58:10] --- batch 6/12: [L3] deep-dive-coordinates-homogeneous ---
[21:58:10] 清空会话上下文 (notebooklm clear)
[21:58:10] 提问 (203 字, nlm_timeout=120s)…
[21:59:00] 完成 deep-dive-coordinates-homogeneous (49.9s)
[21:59:00] 等待 8.0s…
[21:59:08] --- batch 7/12: [L1] slide-skeleton-lecture01 ---
[21:59:08] 清空会话上下文 (notebooklm clear)
[21:59:08] 提问 (199 字, nlm_timeout=120s)…
[21:59:50] 完成 slide-skeleton-lecture01 (42.7s)
[21:59:50] 等待 8.0s…
[21:59:58] --- batch 8/12: [L1] slide-skeleton-lecture02 ---
[21:59:58] 清空会话上下文 (notebooklm clear)
[21:59:59] 提问 (199 字, nlm_timeout=120s)…
[22:00:38] 完成 slide-skeleton-lecture02 (39.4s)
[22:00:38] 等待 8.0s…
[22:00:45] --- batch 9/12: [L2] slide-module-detail-lecture02-math ---
[22:00:45] 清空会话上下文 (notebooklm clear)
[22:00:45] 提问 (185 字, nlm_timeout=120s)…
[22:01:59] 完成 slide-module-detail-lecture02-math (73.8s)
[22:01:59] 等待 8.0s…
[22:02:07] --- batch 10/12: [L3] examples-pipeline-and-math ---
[22:02:07] 清空会话上下文 (notebooklm clear)
[22:02:07] 提问 (235 字, nlm_timeout=120s)…
[22:02:55] 完成 examples-pipeline-and-math (47.4s)
[22:02:55] 等待 8.0s…
[22:03:03] --- batch 11/12: [L3] misconceptions-part1 ---
[22:03:03] 清空会话上下文 (notebooklm clear)
[22:03:03] 提问 (217 字, nlm_timeout=120s)…
[22:03:51] 完成 misconceptions-part1 (48.5s)
[22:03:51] 等待 8.0s…
[22:03:58] --- batch 12/12: [L4] project-bridge ---
[22:03:58] 清空会话上下文 (notebooklm clear)
[22:03:58] 提问 (276 字, nlm_timeout=120s)…
[22:04:36] 完成 project-bridge (37.6s)
[22:04:36] 采集结束: status=completed | ok=12 skipped=0 failed=0/12 | 重试 0 次 | 耗时 684.76s
