[02:33:29] 模块: week15-16 | 批次数: 7 | 输出: /home/thesumst/development/cg/notebooklm-raw/week15-16/runs/20260626-023329
[02:33:29] 代理环境: HTTP(S)_PROXY/http(s)_proxy=http://127.0.0.1:7897
[02:33:29] 同步认证…
[02:33:30] 认证 OK
[02:33:30] 选定 Notebook: c46f03a0-be2e-4cbb-8172-24a3ee0fce88
[02:33:32] --- batch 1/7: [L2] concept-breakdown-exam-homework-boundary ---
[02:33:32] 清空会话上下文 (notebooklm clear)
[02:33:32] 提问 (362 字, nlm_timeout=120s)…
[02:34:24] 完成 concept-breakdown-exam-homework-boundary (51.9s)
[02:34:24] 等待 8.0s…
[02:34:32] --- batch 2/7: [L2-L3] concept-breakdown-alpha-color-display ---
[02:34:32] 清空会话上下文 (notebooklm clear)
[02:34:32] 提问 (333 字, nlm_timeout=120s)…
[02:35:26] 完成 concept-breakdown-alpha-color-display (53.5s)
[02:35:26] 等待 8.0s…
[02:35:34] --- batch 3/7: [L2-L3] concept-breakdown-curves-surfaces ---
[02:35:34] 清空会话上下文 (notebooklm clear)
[02:35:34] 提问 (316 字, nlm_timeout=120s)…
[02:35:34] 尝试 1 失败 [unknown]: Server disconnected without sending a response.
[02:35:34] 重试 1/3，等待 15s…
[02:35:48] 提问 (316 字, nlm_timeout=120s)…
[02:35:49] 尝试 2 失败 [unknown]: Server disconnected without sending a response.
[02:35:49] 重试 2/3，等待 30s…
[02:36:17] 提问 (316 字, nlm_timeout=120s)…
[02:37:07] 完成 concept-breakdown-curves-surfaces (93.2s, 重试 2 次)
[02:37:07] 等待 8.0s…
[02:37:15] --- batch 4/7: [L2-L3] concept-breakdown-pipeline-programmable-api ---
[02:37:15] 清空会话上下文 (notebooklm clear)
[02:37:15] 提问 (358 字, nlm_timeout=120s)…
[02:38:09] 完成 concept-breakdown-pipeline-programmable-api (54.0s)
[02:38:09] 等待 8.0s…
[02:38:17] --- batch 5/7: [L2-L3] concept-breakdown-gpu-driven-rendering ---
[02:38:17] 清空会话上下文 (notebooklm clear)
[02:38:17] 提问 (366 字, nlm_timeout=120s)…
[02:39:09] 完成 concept-breakdown-gpu-driven-rendering (52.3s)
[02:39:09] 等待 8.0s…
[02:39:16] --- batch 6/7: [L2] concept-breakdown-vr-spatial-intelligence ---
[02:39:16] 清空会话上下文 (notebooklm clear)
[02:39:16] 提问 (321 字, nlm_timeout=120s)…
[02:40:11] 完成 concept-breakdown-vr-spatial-intelligence (55.1s)
[02:40:11] 等待 8.0s…
[02:40:18] --- batch 7/7: [L2-L3] concept-breakdown-raytracing-review ---
[02:40:18] 清空会话上下文 (notebooklm clear)
[02:40:18] 提问 (309 字, nlm_timeout=120s)…
[02:41:11] 完成 concept-breakdown-raytracing-review (53.8s)
[02:41:11] 采集结束: status=completed | ok=7 skipped=0 failed=0/7 | 重试 2 次 | 耗时 462.48s
