[00:10:17] 模块: week12-14 | 批次数: 6 | 输出: /home/thesumst/development/cg/notebooklm-raw/week12-14/runs/20260626-001017
[00:10:17] 代理环境: HTTP(S)_PROXY/http(s)_proxy=http://127.0.0.1:7897
[00:10:17] 同步认证…
[00:10:18] 认证 OK
[00:10:18] 选定 Notebook: c46f03a0-be2e-4cbb-8172-24a3ee0fce88
[00:10:22] --- batch 1/6: [L2-L3] concept-breakdown-ray-tracing-basics ---
[00:10:22] 清空会话上下文 (notebooklm clear)
[00:10:22] 提问 (395 字, nlm_timeout=120s)…
[00:11:07] 完成 concept-breakdown-ray-tracing-basics (44.7s)
[00:11:07] 等待 10.0s…
[00:11:15] --- batch 2/6: [L2-L3] concept-breakdown-acceleration-structures ---
[00:11:15] 清空会话上下文 (notebooklm clear)
[00:11:16] 提问 (336 字, nlm_timeout=120s)…
[00:11:58] 完成 concept-breakdown-acceleration-structures (42.9s)
[00:11:58] 等待 10.0s…
[00:12:08] --- batch 3/6: [L2-L3] concept-breakdown-rendering-equation-gi ---
[00:12:08] 清空会话上下文 (notebooklm clear)
[00:12:09] 提问 (362 字, nlm_timeout=120s)…
[00:12:51] 完成 concept-breakdown-rendering-equation-gi (42.8s)
[00:12:51] 等待 10.0s…
[00:13:01] --- batch 4/6: [L2-L3] concept-breakdown-monte-carlo-path-tracing ---
[00:13:01] 清空会话上下文 (notebooklm clear)
[00:13:02] 提问 (345 字, nlm_timeout=120s)…
[00:13:41] 完成 concept-breakdown-monte-carlo-path-tracing (39.6s)
[00:13:41] 等待 10.0s…
[00:13:50] --- batch 5/6: [L2-L3] concept-breakdown-sampling-optimization ---
[00:13:50] 清空会话上下文 (notebooklm clear)
[00:13:50] 提问 (449 字, nlm_timeout=120s)…
[00:14:31] 完成 concept-breakdown-sampling-optimization (40.6s)
[00:14:31] 等待 10.0s…
[00:14:41] --- batch 6/6: [L2-L3] concept-breakdown-denoising-realtime-rt ---
[00:14:41] 清空会话上下文 (notebooklm clear)
[00:14:41] 提问 (350 字, nlm_timeout=120s)…
[00:15:28] 完成 concept-breakdown-denoising-realtime-rt (47.6s)
[00:15:28] 采集结束: status=completed | ok=6 skipped=0 failed=0/6 | 重试 0 次 | 耗时 311.44s
