[01:43:43] 模块: week15-16 | 批次数: 4 | 输出: /home/thesumst/development/cg/notebooklm-raw/week15-16/runs/20260626-014343
[01:43:43] 代理环境: HTTP(S)_PROXY/http(s)_proxy=http://127.0.0.1:7897
[01:43:43] 同步认证…
[01:43:45] 认证 OK
[01:43:45] 选定 Notebook: c46f03a0-be2e-4cbb-8172-24a3ee0fce88
[01:43:49] --- batch 1/4: [L0] overview-skeleton ---
[01:43:49] 清空会话上下文 (notebooklm clear)
[01:43:49] 提问 (340 字, nlm_timeout=120s)…
[01:44:44] 完成 overview-skeleton (54.9s)
[01:44:44] 等待 8.0s…
[01:44:52] --- batch 2/4: [L1] notes-skeleton-week15 ---
[01:44:52] 清空会话上下文 (notebooklm clear)
[01:44:52] 提问 (285 字, nlm_timeout=120s)…
[01:45:42] 完成 notes-skeleton-week15 (50.2s)
[01:45:42] 等待 8.0s…
[01:45:50] --- batch 3/4: [L1] notes-skeleton-week16 ---
[01:45:50] 清空会话上下文 (notebooklm clear)
[01:45:50] 提问 (340 字, nlm_timeout=120s)…
[01:46:41] 完成 notes-skeleton-week16 (50.2s)
[01:46:41] 等待 8.0s…
[01:46:49] --- batch 4/4: [L1] source-boundary-week16-project-rubric ---
[01:46:49] 清空会话上下文 (notebooklm clear)
[01:46:49] 提问 (270 字, nlm_timeout=120s)…
[01:47:43] 完成 source-boundary-week16-project-rubric (53.8s)
[01:47:43] 采集结束: status=completed | ok=4 skipped=0 failed=0/4 | 重试 0 次 | 耗时 239.27s
