[00:17:14] 模块: week10-11 | 批次数: 4 | 输出: /home/thesumst/development/cg/notebooklm-raw/week10-11/runs/20260626-001714
[00:17:14] 代理环境: HTTP(S)_PROXY/http(s)_proxy=http://127.0.0.1:7897
[00:17:14] 同步认证…
[00:17:16] 认证 OK
[00:17:16] 选定 Notebook: c46f03a0-be2e-4cbb-8172-24a3ee0fce88
[00:17:20] --- batch 1/4: [L4-L5] visual-explain-model-data-pipeline ---
[00:17:20] 清空会话上下文 (notebooklm clear)
[00:17:20] 提问 (321 字, nlm_timeout=120s)…
[00:18:02] 完成 visual-explain-model-data-pipeline (41.9s)
[00:18:02] 等待 10.0s…
[00:18:12] --- batch 2/4: [L4] examples-gltf-pbr-material-flow ---
[00:18:12] 清空会话上下文 (notebooklm clear)
[00:18:12] 提问 (338 字, nlm_timeout=120s)…
[00:18:54] 完成 examples-gltf-pbr-material-flow (41.9s)
[00:18:54] 等待 10.0s…
[00:19:03] --- batch 3/4: [L4] compare-geometry-representations-boundaries ---
[00:19:03] 清空会话上下文 (notebooklm clear)
[00:19:03] 提问 (333 字, nlm_timeout=120s)…
[00:19:46] 完成 compare-geometry-representations-boundaries (42.9s)
[00:19:46] 等待 10.0s…
[00:19:56] --- batch 4/4: [L4] review-gap-boundary-curves-mesh ---
[00:19:56] 清空会话上下文 (notebooklm clear)
[00:19:56] 提问 (301 字, nlm_timeout=120s)…
[00:20:46] 完成 review-gap-boundary-curves-mesh (50.5s)
[00:20:46] 采集结束: status=completed | ok=4 skipped=0 failed=0/4 | 重试 0 次 | 耗时 212.0s
