[02:42:13] 模块: week15-16 | 批次数: 6 | 输出: /home/thesumst/development/cg/notebooklm-raw/week15-16/runs/20260626-024213
[02:42:13] 代理环境: HTTP(S)_PROXY/http(s)_proxy=http://127.0.0.1:7897
[02:42:13] 同步认证…
[02:42:14] 认证 OK
[02:42:14] 选定 Notebook: c46f03a0-be2e-4cbb-8172-24a3ee0fce88
[02:42:15] --- batch 1/6: [L4] examples-alpha-blending-exam ---
[02:42:15] 清空会话上下文 (notebooklm clear)
[02:42:15] 提问 (304 字, nlm_timeout=120s)…
[02:43:18] 完成 examples-alpha-blending-exam (62.7s)
[02:43:18] 等待 8.0s…
[02:43:24] --- batch 2/6: [L4] visual-explain-pipeline-mvp-shader ---
[02:43:24] 清空会话上下文 (notebooklm clear)
[02:43:24] 提问 (292 字, nlm_timeout=120s)…
[02:44:14] 完成 visual-explain-pipeline-mvp-shader (50.0s)
[02:44:14] 等待 8.0s…
[02:44:21] --- batch 3/6: [L4] deep-dive-curves-nurbs-continuity ---
[02:44:21] 清空会话上下文 (notebooklm clear)
[02:44:21] 提问 (252 字, nlm_timeout=120s)…
[02:45:17] 完成 deep-dive-curves-nurbs-continuity (55.7s)
[02:45:17] 等待 8.0s…
[02:45:23] --- batch 4/6: [L4] compare-traditional-gpu-driven-pipeline ---
[02:45:23] 清空会话上下文 (notebooklm clear)
[02:45:23] 提问 (325 字, nlm_timeout=120s)…
[02:46:24] 尝试 1 失败 [unknown]: [SSL: RECORD_LAYER_FAILURE] record layer failure (_ssl.c:2713)
[02:46:24] 重试 1/3，等待 15s…
[02:46:39] 提问 (325 字, nlm_timeout=120s)…
[02:47:34] 完成 compare-traditional-gpu-driven-pipeline (130.6s, 重试 1 次)
[02:47:34] 等待 8.0s…
[02:47:42] --- batch 5/6: [L4] review-map-final-exam-p1-p6 ---
[02:47:42] 清空会话上下文 (notebooklm clear)
[02:47:42] 提问 (340 字, nlm_timeout=120s)…
[02:48:41] 完成 review-map-final-exam-p1-p6 (58.7s)
[02:48:41] 等待 8.0s…
[02:48:49] --- batch 6/6: [L4] visual-explain-vr-spatial-ai ---
[02:48:49] 清空会话上下文 (notebooklm clear)
[02:48:49] 提问 (308 字, nlm_timeout=120s)…
[02:49:39] 完成 visual-explain-vr-spatial-ai (50.1s)
[02:49:39] 采集结束: status=completed | ok=6 skipped=0 failed=0/6 | 重试 1 次 | 耗时 446.35s
