[23:51:32] 模块: week7-9 | 批次数: 5 | 输出: /home/thesumst/development/cg/notebooklm-raw/week7-9/runs/20260625-235132
[23:51:32] 代理环境: HTTP(S)_PROXY/http(s)_proxy=http://127.0.0.1:7897
[23:51:32] 同步认证…
[23:51:34] 认证 OK
[23:51:34] 选定 Notebook: c46f03a0-be2e-4cbb-8172-24a3ee0fce88
[23:51:38] --- batch 1/5: [L4-L5] visual-explain-fragment-shading-pipeline ---
[23:51:38] 清空会话上下文 (notebooklm clear)
[23:51:38] 提问 (460 字, nlm_timeout=120s)…
[23:52:30] 完成 visual-explain-fragment-shading-pipeline (51.6s)
[23:52:30] 等待 8.0s…
[23:52:38] --- batch 2/5: [L3-L4] deep-dive-phong-blinn-lighting-example ---
[23:52:38] 清空会话上下文 (notebooklm clear)
[23:52:38] 提问 (375 字, nlm_timeout=120s)…
[23:53:31] 完成 deep-dive-phong-blinn-lighting-example (52.7s)
[23:53:31] 等待 8.0s…
[23:53:39] --- batch 3/5: [L3-L4] deep-dive-microfacet-brdf-visual ---
[23:53:39] 清空会话上下文 (notebooklm clear)
[23:53:39] 提问 (339 字, nlm_timeout=120s)…
[23:54:40] 模块: week7-9 | 批次数: 5 | 输出: /home/thesumst/development/cg/notebooklm-raw/week7-9/runs/20260625-235132
[23:54:40] 代理环境: HTTP(S)_PROXY/http(s)_proxy=http://127.0.0.1:7897
[23:54:40] 同步认证…
[23:54:42] 认证 OK
[23:54:42] 选定 Notebook: c46f03a0-be2e-4cbb-8172-24a3ee0fce88
[23:54:47] --- batch 3/5: [L3-L4] deep-dive-microfacet-brdf-visual ---
[23:54:47] 清空会话上下文 (notebooklm clear)
[23:54:47] 提问 (339 字, nlm_timeout=120s)…
[23:55:32] 完成 deep-dive-microfacet-brdf-visual (44.2s)
[23:55:32] 等待 8.0s…
[23:55:38] --- batch 4/5: [L4] compare-shading-interpolation-methods ---
[23:55:38] 清空会话上下文 (notebooklm clear)
[23:55:39] 提问 (321 字, nlm_timeout=120s)…
[23:56:23] 完成 compare-shading-interpolation-methods (44.5s)
[23:56:23] 等待 8.0s…
[23:56:31] --- batch 5/5: [L4-L5] examples-texture-uv-filtering-applications ---
[23:56:31] 清空会话上下文 (notebooklm clear)
[23:56:31] 提问 (459 字, nlm_timeout=120s)…
[23:57:13] 完成 examples-texture-uv-filtering-applications (42.1s)
[23:57:13] 采集结束: status=completed | ok=5 skipped=0 failed=0/5 | 重试 0 次 | 耗时 153.33s
