[23:06:12] 模块: week3-4 | 批次数: 4 | 输出: /home/thesumst/development/cg/notebooklm-raw/week3-4/runs/20260625-230612
[23:06:12] 代理环境: HTTP(S)_PROXY/http(s)_proxy=http://127.0.0.1:7897
[23:06:12] 同步认证…
[23:06:14] 认证 OK
[23:06:14] 选定 Notebook: c46f03a0-be2e-4cbb-8172-24a3ee0fce88
[23:06:18] --- batch 1/4: [L4] examples-transform-order-matrix-chain ---
[23:06:18] 清空会话上下文 (notebooklm clear)
[23:06:18] 提问 (321 字, nlm_timeout=120s)…
[23:07:05] 完成 examples-transform-order-matrix-chain (47.5s)
[23:07:05] 等待 8.0s…
[23:07:12] --- batch 2/4: [L3-L4] deep-dive-view-matrix-lookat ---
[23:07:12] 清空会话上下文 (notebooklm clear)
[23:07:12] 提问 (329 字, nlm_timeout=120s)…
[23:08:01] 完成 deep-dive-view-matrix-lookat (49.0s)
[23:08:01] 等待 8.0s…
[23:08:09] --- batch 3/4: [L3-L4] deep-dive-projection-clip-ndc ---
[23:08:09] 清空会话上下文 (notebooklm clear)
[23:08:09] 提问 (408 字, nlm_timeout=120s)…
[23:08:56] 完成 deep-dive-projection-clip-ndc (47.0s)
[23:08:56] 等待 8.0s…
[23:09:04] --- batch 4/4: [L4-L5] visual-explain-mvp-pipeline ---
[23:09:04] 清空会话上下文 (notebooklm clear)
[23:09:05] 提问 (370 字, nlm_timeout=120s)…
[23:09:44] 完成 visual-explain-mvp-pipeline (39.0s)
[23:09:44] 采集结束: status=completed | ok=4 skipped=0 failed=0/4 | 重试 0 次 | 耗时 211.6s
