[23:40:34] 模块: week7-9 | 批次数: 4 | 输出: /home/thesumst/development/cg/notebooklm-raw/week7-9/runs/20260625-234034
[23:40:34] 代理环境: HTTP(S)_PROXY/http(s)_proxy=http://127.0.0.1:7897
[23:40:34] 同步认证…
[23:40:36] 认证 OK
[23:40:36] 选定 Notebook: c46f03a0-be2e-4cbb-8172-24a3ee0fce88
[23:40:40] --- batch 1/4: [L0] overview-skeleton ---
[23:40:40] 清空会话上下文 (notebooklm clear)
[23:40:40] 提问 (448 字, nlm_timeout=120s)…
[23:41:29] 完成 overview-skeleton (48.8s)
[23:41:29] 等待 8.0s…
[23:41:35] --- batch 2/4: [L1] slide-skeleton-lecture07 ---
[23:41:35] 清空会话上下文 (notebooklm clear)
[23:41:36] 提问 (253 字, nlm_timeout=120s)…
[23:42:14] 完成 slide-skeleton-lecture07 (38.7s)
[23:42:14] 等待 8.0s…
[23:42:22] --- batch 3/4: [L1] slide-skeleton-lecture08 ---
[23:42:22] 清空会话上下文 (notebooklm clear)
[23:42:22] 提问 (253 字, nlm_timeout=120s)…
[23:43:03] 完成 slide-skeleton-lecture08 (40.3s)
[23:43:03] 等待 8.0s…
[23:43:09] --- batch 4/4: [L1] source-skeleton-improved-illumination ---
[23:43:09] 清空会话上下文 (notebooklm clear)
[23:43:10] 提问 (264 字, nlm_timeout=120s)…
[23:43:53] 完成 source-skeleton-improved-illumination (43.3s)
[23:43:53] 采集结束: status=completed | ok=4 skipped=0 failed=0/4 | 重试 0 次 | 耗时 198.68s
